yarn run v1.22.19
$ /Users/loiluong/Desktop/myTesting/myTesting-CICD/node_modules/.bin/jest --coverage
----------|----------|----------|----------|----------|-------------------|
File      |  % Stmts | % Branch |  % Funcs |  % Lines | Uncovered Line #s |
----------|----------|----------|----------|----------|-------------------|
All files |    71.43 |       75 |      100 |    71.43 |                   |
 index.js |    71.43 |       75 |      100 |    71.43 |             13,17 |
----------|----------|----------|----------|----------|-------------------|
Done in 1.61s.
